  demo.cpp
m:\fredonia fall 2017\csit 462 - computer graphics\starter_vs2017\glui\include\gl\glui.h(852): warning C4244: 'argument': conversion from 'double' to 'GLfloat', possible loss of data
m:\fredonia fall 2017\csit 462 - computer graphics\starter_vs2017\demo.cpp(37): warning C4305: 'initializing': truncation from 'double' to 'float'
m:\fredonia fall 2017\csit 462 - computer graphics\starter_vs2017\demo.cpp(222): warning C4101: 'mod': unreferenced local variable
m:\fredonia fall 2017\csit 462 - computer graphics\starter_vs2017\demo.cpp(385): warning C4244: 'argument': conversion from 'int' to 'GLfloat', possible loss of data
m:\fredonia fall 2017\csit 462 - computer graphics\starter_vs2017\demo.cpp(388): warning C4244: 'argument': conversion from 'int' to 'GLfloat', possible loss of data
m:\fredonia fall 2017\csit 462 - computer graphics\starter_vs2017\demo.cpp(389): warning C4244: 'argument': conversion from 'int' to 'GLfloat', possible loss of data
m:\fredonia fall 2017\csit 462 - computer graphics\starter_vs2017\demo.cpp(390): warning C4244: 'argument': conversion from 'int' to 'GLfloat', possible loss of data
glui32d.lib(algebra3.obj) : warning LNK4099: PDB '_glui library.pdb' was not found with 'glui32d.lib(algebra3.obj)' or at 'M:\Fredonia Fall 2017\CSIT 462 - Computer Graphics\starter_vs2017\Debug\_glui library.pdb'; linking object as if no debug info
glui32d.lib(arcball.obj) : warning LNK4099: PDB '_glui library.pdb' was not found with 'glui32d.lib(arcball.obj)' or at 'M:\Fredonia Fall 2017\CSIT 462 - Computer Graphics\starter_vs2017\Debug\_glui library.pdb'; linking object as if no debug info
glui32d.lib(glui.obj) : warning LNK4099: PDB '_glui library.pdb' was not found with 'glui32d.lib(glui.obj)' or at 'M:\Fredonia Fall 2017\CSIT 462 - Computer Graphics\starter_vs2017\Debug\_glui library.pdb'; linking object as if no debug info
glui32d.lib(glui_add_controls.obj) : warning LNK4099: PDB '_glui library.pdb' was not found with 'glui32d.lib(glui_add_controls.obj)' or at 'M:\Fredonia Fall 2017\CSIT 462 - Computer Graphics\starter_vs2017\Debug\_glui library.pdb'; linking object as if no debug info
glui32d.lib(glui_bitmaps.obj) : warning LNK4099: PDB '_glui library.pdb' was not found with 'glui32d.lib(glui_bitmaps.obj)' or at 'M:\Fredonia Fall 2017\CSIT 462 - Computer Graphics\starter_vs2017\Debug\_glui library.pdb'; linking object as if no debug info
glui32d.lib(glui_button.obj) : warning LNK4099: PDB '_glui library.pdb' was not found with 'glui32d.lib(glui_button.obj)' or at 'M:\Fredonia Fall 2017\CSIT 462 - Computer Graphics\starter_vs2017\Debug\_glui library.pdb'; linking object as if no debug info
glui32d.lib(glui_checkbox.obj) : warning LNK4099: PDB '_glui library.pdb' was not found with 'glui32d.lib(glui_checkbox.obj)' or at 'M:\Fredonia Fall 2017\CSIT 462 - Computer Graphics\starter_vs2017\Debug\_glui library.pdb'; linking object as if no debug info
glui32d.lib(glui_column.obj) : warning LNK4099: PDB '_glui library.pdb' was not found with 'glui32d.lib(glui_column.obj)' or at 'M:\Fredonia Fall 2017\CSIT 462 - Computer Graphics\starter_vs2017\Debug\_glui library.pdb'; linking object as if no debug info
glui32d.lib(glui_control.obj) : warning LNK4099: PDB '_glui library.pdb' was not found with 'glui32d.lib(glui_control.obj)' or at 'M:\Fredonia Fall 2017\CSIT 462 - Computer Graphics\starter_vs2017\Debug\_glui library.pdb'; linking object as if no debug info
glui32d.lib(glui_edittext.obj) : warning LNK4099: PDB '_glui library.pdb' was not found with 'glui32d.lib(glui_edittext.obj)' or at 'M:\Fredonia Fall 2017\CSIT 462 - Computer Graphics\starter_vs2017\Debug\_glui library.pdb'; linking object as if no debug info
glui32d.lib(glui_listbox.obj) : warning LNK4099: PDB '_glui library.pdb' was not found with 'glui32d.lib(glui_listbox.obj)' or at 'M:\Fredonia Fall 2017\CSIT 462 - Computer Graphics\starter_vs2017\Debug\_glui library.pdb'; linking object as if no debug info
glui32d.lib(glui_mouse_iaction.obj) : warning LNK4099: PDB '_glui library.pdb' was not found with 'glui32d.lib(glui_mouse_iaction.obj)' or at 'M:\Fredonia Fall 2017\CSIT 462 - Computer Graphics\starter_vs2017\Debug\_glui library.pdb'; linking object as if no debug info
glui32d.lib(glui_node.obj) : warning LNK4099: PDB '_glui library.pdb' was not found with 'glui32d.lib(glui_node.obj)' or at 'M:\Fredonia Fall 2017\CSIT 462 - Computer Graphics\starter_vs2017\Debug\_glui library.pdb'; linking object as if no debug info
glui32d.lib(glui_panel.obj) : warning LNK4099: PDB '_glui library.pdb' was not found with 'glui32d.lib(glui_panel.obj)' or at 'M:\Fredonia Fall 2017\CSIT 462 - Computer Graphics\starter_vs2017\Debug\_glui library.pdb'; linking object as if no debug info
glui32d.lib(glui_radio.obj) : warning LNK4099: PDB '_glui library.pdb' was not found with 'glui32d.lib(glui_radio.obj)' or at 'M:\Fredonia Fall 2017\CSIT 462 - Computer Graphics\starter_vs2017\Debug\_glui library.pdb'; linking object as if no debug info
glui32d.lib(glui_rollout.obj) : warning LNK4099: PDB '_glui library.pdb' was not found with 'glui32d.lib(glui_rollout.obj)' or at 'M:\Fredonia Fall 2017\CSIT 462 - Computer Graphics\starter_vs2017\Debug\_glui library.pdb'; linking object as if no debug info
glui32d.lib(glui_rotation.obj) : warning LNK4099: PDB '_glui library.pdb' was not found with 'glui32d.lib(glui_rotation.obj)' or at 'M:\Fredonia Fall 2017\CSIT 462 - Computer Graphics\starter_vs2017\Debug\_glui library.pdb'; linking object as if no debug info
glui32d.lib(glui_separator.obj) : warning LNK4099: PDB '_glui library.pdb' was not found with 'glui32d.lib(glui_separator.obj)' or at 'M:\Fredonia Fall 2017\CSIT 462 - Computer Graphics\starter_vs2017\Debug\_glui library.pdb'; linking object as if no debug info
glui32d.lib(glui_spinner.obj) : warning LNK4099: PDB '_glui library.pdb' was not found with 'glui32d.lib(glui_spinner.obj)' or at 'M:\Fredonia Fall 2017\CSIT 462 - Computer Graphics\starter_vs2017\Debug\_glui library.pdb'; linking object as if no debug info
glui32d.lib(glui_statictext.obj) : warning LNK4099: PDB '_glui library.pdb' was not found with 'glui32d.lib(glui_statictext.obj)' or at 'M:\Fredonia Fall 2017\CSIT 462 - Computer Graphics\starter_vs2017\Debug\_glui library.pdb'; linking object as if no debug info
glui32d.lib(glui_translation.obj) : warning LNK4099: PDB '_glui library.pdb' was not found with 'glui32d.lib(glui_translation.obj)' or at 'M:\Fredonia Fall 2017\CSIT 462 - Computer Graphics\starter_vs2017\Debug\_glui library.pdb'; linking object as if no debug info
glui32d.lib(glui_window.obj) : warning LNK4099: PDB '_glui library.pdb' was not found with 'glui32d.lib(glui_window.obj)' or at 'M:\Fredonia Fall 2017\CSIT 462 - Computer Graphics\starter_vs2017\Debug\_glui library.pdb'; linking object as if no debug info
glui32d.lib(quaternion.obj) : warning LNK4099: PDB '_glui library.pdb' was not found with 'glui32d.lib(quaternion.obj)' or at 'M:\Fredonia Fall 2017\CSIT 462 - Computer Graphics\starter_vs2017\Debug\_glui library.pdb'; linking object as if no debug info
  a2.vcxproj -> M:\Fredonia Fall 2017\CSIT 462 - Computer Graphics\starter_vs2017\.\Debug\a2.exe
  a2.vcxproj -> .\Debug\a2.pdb (Full PDB)
